www.xing.com 1 
www.sitemeter.com 1 
shop-pro.jp 1 
www.webs.com 1 
www.mail.ru 1 
webeden.co.uk 1 
www.sourceforge.net 1 
bed.mail.ru 1 
air.si.edu 1 
www.bloglovin.com 1 
www.tinyurl.com 1 
www.amazon.de 1 
www.artisteer.com 1 
basket.delicious.com 1 
ball.mlb.com 1 
www.pagesperso-orange.fr 1 
www.cbslocal.com 1 
sohu.com 1 
www.baidu.com 1 
hibu.com 2 
www.youtu.be 1 
www.joomla.org 1 
www.loc.gov 1 
typepad.com 1 
bag.nasa.gov 1 
www.eepurl.com 1 
xinhuanet.com 1 
www.flickr.com 1 
www.blinklist.com 1 
www.cnn.com 1 
advice.go.com 1 
google.co.jp 1 
scientificamerican.com 1 
shinystat.com 1 
advice.google.co.uk 1 
www.instagram.com 1 
arch.springer.com 1 
facebook.com 1 
php.net 1 
www.php.net 1 
www.spiegel.de 1 
www.forbes.com 1 
www.cafepress.com 1 
tinyurl.com 1 
www.flavors.me 1 
www.feedburner.com 1 
www.blogspot.com 1 
www.reference.com 1 
www.ft.com 1 
www.weather.com 1 
animal.icio.us 1 
www.oaic.gov.au 1 
bike.reuters.com 1 
boy.issuu.com 1 
www.booking.com 1 
www.is.gd 2 
back.studiopress.com 1 
www.foxnews.com 1 
bells.shop-pro.jp 1 
www.huffingtonpost.com 1 
www.youku.com 1 
www.opera.com 1 
www.google.com.br 1 
www.scientificamerican.com 1 
cpanel.net 1 
www.home.pl 1 
www.etsy.com 1 
basin.wufoo.com 1 
g.co 1 
airport.dagondesign.com 1 
amazon.com 1 
brass.mozilla.org 1 
www.ebay.co.uk 1 
unicef.org 1 
afternoon.marketwatch.com 1 
www.miitbeian.gov.cn 2 
over-blog.com 1 
www.archive.org 1 
sakura.ne.jp 1 
bells.nymag.com 1 
www.sun.com 1 
ca.gov 1 
www.google.com.hk 1 
bedroom.paginegialle.it 1 
flavors.me 1 
www.discovery.com 1 
www.comcast.net 1 
last.fm 1 
timesonline.co.uk 1 
www.ovh.net 1 
technorati.com 1 
ehow.com 1 
reverbnation.com 1 
beef.mayoclinic.com 1 
www.examiner.com 1 
delicious.com 1 
ebay.com 1 
