guardian.co.uk 1 
branch.hhs.gov 1 
www.homestead.com 1 
spotify.com 1 
www.cdbaby.com 1 
de.vu 1 
www.answers.com 1 
hostgator.com 1 
bell.constantcontact.com 1 
www.nps.gov 1 
imdb.com 1 
www.google.es 2 
www.cbsnews.com 1 
www.netlog.com 1 
animal.admin.ch 1 
scribd.com 1 
smugmug.com 1 
globo.com 1 
www.who.int 1 
www.1und1.de 1 
www.yale.edu 1 
independent.co.uk 1 
www.blogspot.com 1 
www.vimeo.com 1 
badge.bloglovin.com 1 
www.digg.com 1 
www.uol.com.br 1 
blinklist.com 1 
www.census.gov 1 
www.nymag.com 1 
eventbrite.com 1 
www.theglobeandmail.com 1 
www.google.com 1 
www.vkontakte.ru 1 
www.wired.com 1 
www.timesonline.co.uk 1 
brake.weibo.com 1 
delicious.com 1 
airplane.pcworld.com 1 
tinyurl.com 1 
mashable.com 1 
dagondesign.com 1 
prnewswire.com 1 
www.java.com 1 
www.dagondesign.com 1 
blade.indiegogo.com 1 
www.amazonaws.com 1 
www.wikia.com 1 
virginia.edu 1 
